<?xml version="1.0" encoding="UTF-8"?>
<!-- Generated by org.testng.reporters.JUnitReportReporter -->
<testsuite hostname="Paras" name="com.csg.tau.TestProject.ParasTest.test" tests="1" failures="0" timestamp="20 Aug 2018 14:06:38 GMT" time="63.968" errors="0">
  <testcase name="f1" time="63.968" classname="com.csg.tau.TestProject.ParasTest.test"/>
</testsuite> <!-- com.csg.tau.TestProject.ParasTest.test -->
