<?xml version="1.0" encoding="UTF-8"?>
<!-- Generated by org.testng.reporters.JUnitReportReporter -->
<testsuite hostname="Paras" name="com.csg.tau.TestProject.ParasTest.ExcelData" tests="1" failures="0" timestamp="4 Sep 2018 13:38:52 GMT" time="0.717" errors="0">
  <testcase name="readExcel" time="0.717" classname="com.csg.tau.TestProject.ParasTest.ExcelData"/>
</testsuite> <!-- com.csg.tau.TestProject.ParasTest.ExcelData -->
