<?xml version="1.0" encoding="UTF-8"?>
<!-- Generated by org.testng.reporters.JUnitReportReporter -->
<testsuite hostname="Paras" name="com.csg.tau.TestProject.TestScript.test" tests="1" failures="0" timestamp="8 Sep 2018 18:41:48 GMT" time="63.248" errors="0">
  <testcase name="f1" time="63.248" classname="com.csg.tau.TestProject.TestScript.test"/>
</testsuite> <!-- com.csg.tau.TestProject.TestScript.test -->
